<?xml version="1.0" encoding="UTF-8"?>
<testng-results skipped="0" failed="0" ignored="0" total="1" passed="1">
  <reporter-output>
  </reporter-output>
  <suite name="Default suite" duration-ms="32109" started-at="2019-10-15T14:07:23 IST" finished-at="2019-10-15T14:07:55 IST">
    <groups>
    </groups>
    <test name="Default test" duration-ms="32109" started-at="2019-10-15T14:07:23 IST" finished-at="2019-10-15T14:07:55 IST">
      <class name="selenium.testing.advance.LoginTest">
        <test-method status="PASS" signature="initBrowser()[pri:0, instance:selenium.testing.advance.LoginTest@1dfe2924]" name="initBrowser" is-config="true" duration-ms="11369" started-at="2019-10-15T14:07:23 IST" finished-at="2019-10-15T14:07:34 IST">
          <reporter-output>
          </reporter-output>
        </test-method> <!-- initBrowser -->
        <test-method status="PASS" signature="testLogin()[pri:0, instance:selenium.testing.advance.LoginTest@1dfe2924]" name="testLogin" duration-ms="19780" started-at="2019-10-15T14:07:34 IST" finished-at="2019-10-15T14:07:54 IST">
          <reporter-output>
          </reporter-output>
        </test-method> <!-- testLogin -->
        <test-method status="PASS" signature="close()[pri:0, instance:selenium.testing.advance.LoginTest@1dfe2924]" name="close" is-config="true" duration-ms="910" started-at="2019-10-15T14:07:54 IST" finished-at="2019-10-15T14:07:55 IST">
          <reporter-output>
          </reporter-output>
        </test-method> <!-- close -->
      </class> <!-- selenium.testing.advance.LoginTest -->
    </test> <!-- Default test -->
  </suite> <!-- Default suite -->
</testng-results>
